# JRE version: OpenJDK Runtime Environment Temurin-17.0.10+7 (17.0.10+7) (build 17.0.10+7)
# Java VM: OpenJDK 64-Bit Server VM Temurin-17.0.10+7 (17.0.10+7, mixed mode, tiered, compressed oops, compressed class ptrs, parallel gc, windows-amd64)
GC Precious Log:
 CPUs: 8 total, 8 available
 Memory: 16295M
 Large Page Support: Disabled
 NUMA Support: Disabled
 Compressed Oops: Enabled (32-bit)
 Alignments: Space 512K, Generation 512K, Heap 2M
 Heap Min Capacity: 100M
 Heap Initial Capacity: 100M
 Heap Max Capacity: 1G
 Pre-touch: Disabled
 Parallel Workers: 8
Heap:
 PSYoungGen      total 4608K, used 4192K [0x00000000eab00000, 0x00000000eb100000, 0x0000000100000000)
  eden space 3584K, 100% used [0x00000000eab00000,0x00000000eae80000,0x00000000eae80000)
  from space 1024K, 59% used [0x00000000eaf00000,0x00000000eaf98000,0x00000000eb000000)
  to   space 1024K, 98% used [0x00000000eb000000,0x00000000eb0fc798,0x00000000eb100000)
 ParOldGen       total 164864K, used 150151K [0x00000000c0000000, 0x00000000ca100000, 0x00000000eab00000)
  object space 164864K, 91% used [0x00000000c0000000,0x00000000c92a1c20,0x00000000ca100000)
 Metaspace       used 94730K, committed 96192K, reserved 1179648K
  class space    used 9584K, committed 10176K, reserved 1048576K
GC Heap History (20 events):
Event: 1591.848 GC heap after
{Heap after GC invocations=3067 (full 71):
 PSYoungGen      total 4096K, used 474K [0x00000000eab00000, 0x00000000eb200000, 0x0000000100000000)
  eden space 3584K, 0% used [0x00000000eab00000,0x00000000eab00000,0x00000000eae80000)
  from space 512K, 92% used [0x00000000eb180000,0x00000000eb1f6900,0x00000000eb200000)
  to   space 1024K, 0% used [0x00000000eb000000,0x00000000eb000000,0x00000000eb100000)
 ParOldGen       total 164864K, used 143430K [0x00000000c0000000, 0x00000000ca100000, 0x00000000eab00000)
  object space 164864K, 86% used [0x00000000c0000000,0x00000000c8c119c8,0x00000000ca100000)
 Metaspace       used 94728K, committed 96192K, reserved 1179648K
  class space    used 9584K, committed 10176K, reserved 1048576K
}
Event: 1592.509 GC heap before
{Heap before GC invocations=3068 (full 71):
 PSYoungGen      total 4096K, used 4058K [0x00000000eab00000, 0x00000000eb200000, 0x0000000100000000)
  eden space 3584K, 100% used [0x00000000eab00000,0x00000000eae80000,0x00000000eae80000)
  from space 512K, 92% used [0x00000000eb180000,0x00000000eb1f6900,0x00000000eb200000)
  to   space 1024K, 0% used [0x00000000eb000000,0x00000000eb000000,0x00000000eb100000)
 ParOldGen       total 164864K, used 143430K [0x00000000c0000000, 0x00000000ca100000, 0x00000000eab00000)
  object space 164864K, 86% used [0x00000000c0000000,0x00000000c8c119c8,0x00000000ca100000)
 Metaspace       used 94728K, committed 96192K, reserved 1179648K
  class space    used 9584K, committed 10176K, reserved 1048576K
}
Event: 1592.509 GC heap after
{Heap after GC invocations=3068 (full 71):
 PSYoungGen      total 4608K, used 224K [0x00000000eab00000, 0x00000000eb200000, 0x0000000100000000)
  eden space 3584K, 0% used [0x00000000eab00000,0x00000000eab00000,0x00000000eae80000)
  from space 1024K, 21% used [0x00000000eb000000,0x00000000eb038000,0x00000000eb100000)
  to   space 512K, 0% used [0x00000000eb180000,0x00000000eb180000,0x00000000eb200000)
 ParOldGen       total 164864K, used 143446K [0x00000000c0000000, 0x00000000ca100000, 0x00000000eab00000)
  object space 164864K, 87% used [0x00000000c0000000,0x00000000c8c159c8,0x00000000ca100000)
 Metaspace       used 94728K, committed 96192K, reserved 1179648K
  class space    used 9584K, committed 10176K, reserved 1048576K
}
Event: 1592.514 GC heap before
{Heap before GC invocations=3069 (full 71):
 PSYoungGen      total 4608K, used 3807K [0x00000000eab00000, 0x00000000eb200000, 0x0000000100000000)
  eden space 3584K, 99% used [0x00000000eab00000,0x00000000eae7ffd0,0x00000000eae80000)
  from space 1024K, 21% used [0x00000000eb000000,0x00000000eb038000,0x00000000eb100000)
  to   space 512K, 0% used [0x00000000eb180000,0x00000000eb180000,0x00000000eb200000)
 ParOldGen       total 164864K, used 143446K [0x00000000c0000000, 0x00000000ca100000, 0x00000000eab00000)
  object space 164864K, 87% used [0x00000000c0000000,0x00000000c8c159c8,0x00000000ca100000)
 Metaspace       used 94728K, committed 96192K, reserved 1179648K
  class space    used 9584K, committed 10176K, reserved 1048576K
}
Event: 1592.515 GC heap after
{Heap after GC invocations=3069 (full 71):
 PSYoungGen      total 4096K, used 506K [0x00000000eab00000, 0x00000000eb200000, 0x0000000100000000)
  eden space 3584K, 0% used [0x00000000eab00000,0x00000000eab00000,0x00000000eae80000)
  from space 512K, 98% used [0x00000000eb180000,0x00000000eb1fe920,0x00000000eb200000)
  to   space 1024K, 0% used [0x00000000eb000000,0x00000000eb000000,0x00000000eb100000)
 ParOldGen       total 164864K, used 143582K [0x00000000c0000000, 0x00000000ca100000, 0x00000000eab00000)
  object space 164864K, 87% used [0x00000000c0000000,0x00000000c8c379c8,0x00000000ca100000)
 Metaspace       used 94728K, committed 96192K, reserved 1179648K
  class space    used 9584K, committed 10176K, reserved 1048576K
}
Event: 1592.521 GC heap before
{Heap before GC invocations=3070 (full 71):
 PSYoungGen      total 4096K, used 4090K [0x00000000eab00000, 0x00000000eb200000, 0x0000000100000000)
  eden space 3584K, 100% used [0x00000000eab00000,0x00000000eae80000,0x00000000eae80000)
  from space 512K, 98% used [0x00000000eb180000,0x00000000eb1fe920,0x00000000eb200000)
  to   space 1024K, 0% used [0x00000000eb000000,0x00000000eb000000,0x00000000eb100000)
 ParOldGen       total 164864K, used 143582K [0x00000000c0000000, 0x00000000ca100000, 0x00000000eab00000)
  object space 164864K, 87% used [0x00000000c0000000,0x00000000c8c379c8,0x00000000ca100000)
 Metaspace       used 94729K, committed 96192K, reserved 1179648K
  class space    used 9584K, committed 10176K, reserved 1048576K
}
Event: 1592.522 GC heap after
{Heap after GC invocations=3070 (full 71):
 PSYoungGen      total 4608K, used 788K [0x00000000eab00000, 0x00000000eb200000, 0x0000000100000000)
  eden space 3584K, 0% used [0x00000000eab00000,0x00000000eab00000,0x00000000eae80000)
  from space 1024K, 77% used [0x00000000eb000000,0x00000000eb0c5200,0x00000000eb100000)
  to   space 1024K, 0% used [0x00000000eb100000,0x00000000eb100000,0x00000000eb200000)
 ParOldGen       total 164864K, used 144091K [0x00000000c0000000, 0x00000000ca100000, 0x00000000eab00000)
  object space 164864K, 87% used [0x00000000c0000000,0x00000000c8cb6c08,0x00000000ca100000)
 Metaspace       used 94729K, committed 96192K, reserved 1179648K
  class space    used 9584K, committed 10176K, reserved 1048576K
}
Event: 1592.525 GC heap before
{Heap before GC invocations=3071 (full 71):
 PSYoungGen      total 4608K, used 4372K [0x00000000eab00000, 0x00000000eb200000, 0x0000000100000000)
  eden space 3584K, 100% used [0x00000000eab00000,0x00000000eae80000,0x00000000eae80000)
  from space 1024K, 77% used [0x00000000eb000000,0x00000000eb0c5200,0x00000000eb100000)
  to   space 1024K, 0% used [0x00000000eb100000,0x00000000eb100000,0x00000000eb200000)
 ParOldGen       total 164864K, used 144091K [0x00000000c0000000, 0x00000000ca100000, 0x00000000eab00000)
  object space 164864K, 87% used [0x00000000c0000000,0x00000000c8cb6c08,0x00000000ca100000)
 Metaspace       used 94729K, committed 96192K, reserved 1179648K
  class space    used 9584K, committed 10176K, reserved 1048576K
}
Event: 1592.526 GC heap after
{Heap after GC invocations=3071 (full 71):
 PSYoungGen      total 4096K, used 320K [0x00000000eab00000, 0x00000000eb180000, 0x0000000100000000)
  eden space 3584K, 0% used [0x00000000eab00000,0x00000000eab00000,0x00000000eae80000)
  from space 512K, 62% used [0x00000000eb100000,0x00000000eb150000,0x00000000eb180000)
  to   space 512K, 0% used [0x00000000eb080000,0x00000000eb080000,0x00000000eb100000)
 ParOldGen       total 164864K, used 144775K [0x00000000c0000000, 0x00000000ca100000, 0x00000000eab00000)
  object space 164864K, 87% used [0x00000000c0000000,0x00000000c8d61e08,0x00000000ca100000)
 Metaspace       used 94729K, committed 96192K, reserved 1179648K
  class space    used 9584K, committed 10176K, reserved 1048576K
}
Event: 1592.626 GC heap before
{Heap before GC invocations=3072 (full 71):
 PSYoungGen      total 4096K, used 3904K [0x00000000eab00000, 0x00000000eb180000, 0x0000000100000000)
  eden space 3584K, 100% used [0x00000000eab00000,0x00000000eae80000,0x00000000eae80000)
  from space 512K, 62% used [0x00000000eb100000,0x00000000eb150000,0x00000000eb180000)
  to   space 512K, 0% used [0x00000000eb080000,0x00000000eb080000,0x00000000eb100000)
 ParOldGen       total 164864K, used 144775K [0x00000000c0000000, 0x00000000ca100000, 0x00000000eab00000)
  object space 164864K, 87% used [0x00000000c0000000,0x00000000c8d61e08,0x00000000ca100000)
 Metaspace       used 94729K, committed 96192K, reserved 1179648K
  class space    used 9584K, committed 10176K, reserved 1048576K
}
Event: 1592.626 GC heap after
{Heap after GC invocations=3072 (full 71):
 PSYoungGen      total 4096K, used 500K [0x00000000eab00000, 0x00000000eb180000, 0x0000000100000000)
  eden space 3584K, 0% used [0x00000000eab00000,0x00000000eab00000,0x00000000eae80000)
  from space 512K, 97% used [0x00000000eb080000,0x00000000eb0fd200,0x00000000eb100000)
  to   space 512K, 0% used [0x00000000eb100000,0x00000000eb100000,0x00000000eb180000)
 ParOldGen       total 164864K, used 145267K [0x00000000c0000000, 0x00000000ca100000, 0x00000000eab00000)
  object space 164864K, 88% used [0x00000000c0000000,0x00000000c8ddce28,0x00000000ca100000)
 Metaspace       used 94729K, committed 96192K, reserved 1179648K
  class space    used 9584K, committed 10176K, reserved 1048576K
}
Event: 1592.633 GC heap before
{Heap before GC invocations=3073 (full 71):
 PSYoungGen      total 4096K, used 4084K [0x00000000eab00000, 0x00000000eb180000, 0x0000000100000000)
  eden space 3584K, 99% used [0x00000000eab00000,0x00000000eae7ffe8,0x00000000eae80000)
  from space 512K, 97% used [0x00000000eb080000,0x00000000eb0fd200,0x00000000eb100000)
  to   space 512K, 0% used [0x00000000eb100000,0x00000000eb100000,0x00000000eb180000)
 ParOldGen       total 164864K, used 145267K [0x00000000c0000000, 0x00000000ca100000, 0x00000000eab00000)
  object space 164864K, 88% used [0x00000000c0000000,0x00000000c8ddce28,0x00000000ca100000)
 Metaspace       used 94729K, committed 96192K, reserved 1179648K
  class space    used 9584K, committed 10176K, reserved 1048576K
}
Event: 1592.633 GC heap after
{Heap after GC invocations=3073 (full 71):
 PSYoungGen      total 4096K, used 506K [0x00000000eab00000, 0x00000000eb180000, 0x0000000100000000)
  eden space 3584K, 0% used [0x00000000eab00000,0x00000000eab00000,0x00000000eae80000)
  from space 512K, 98% used [0x00000000eb100000,0x00000000eb17e900,0x00000000eb180000)
  to   space 1536K, 0% used [0x00000000eae80000,0x00000000eae80000,0x00000000eb000000)
 ParOldGen       total 164864K, used 146010K [0x00000000c0000000, 0x00000000ca100000, 0x00000000eab00000)
  object space 164864K, 88% used [0x00000000c0000000,0x00000000c8e96958,0x00000000ca100000)
 Metaspace       used 94729K, committed 96192K, reserved 1179648K
  class space    used 9584K, committed 10176K, reserved 1048576K
}
Event: 1592.904 GC heap before
{Heap before GC invocations=3074 (full 71):
 PSYoungGen      total 4096K, used 4090K [0x00000000eab00000, 0x00000000eb180000, 0x0000000100000000)
  eden space 3584K, 100% used [0x00000000eab00000,0x00000000eae80000,0x00000000eae80000)
  from space 512K, 98% used [0x00000000eb100000,0x00000000eb17e900,0x00000000eb180000)
  to   space 1536K, 0% used [0x00000000eae80000,0x00000000eae80000,0x00000000eb000000)
 ParOldGen       total 164864K, used 146010K [0x00000000c0000000, 0x00000000ca100000, 0x00000000eab00000)
  object space 164864K, 88% used [0x00000000c0000000,0x00000000c8e96958,0x00000000ca100000)
 Metaspace       used 94730K, committed 96192K, reserved 1179648K
  class space    used 9584K, committed 10176K, reserved 1048576K
}
Event: 1592.905 GC heap after
{Heap after GC invocations=3074 (full 71):
 PSYoungGen      total 5120K, used 660K [0x00000000eab00000, 0x00000000eb180000, 0x0000000100000000)
  eden space 3584K, 0% used [0x00000000eab00000,0x00000000eab00000,0x00000000eae80000)
  from space 1536K, 43% used [0x00000000eae80000,0x00000000eaf25220,0x00000000eb000000)
  to   space 1024K, 0% used [0x00000000eb080000,0x00000000eb080000,0x00000000eb180000)
 ParOldGen       total 164864K, used 146540K [0x00000000c0000000, 0x00000000ca100000, 0x00000000eab00000)
  object space 164864K, 88% used [0x00000000c0000000,0x00000000c8f1b258,0x00000000ca100000)
 Metaspace       used 94730K, committed 96192K, reserved 1179648K
  class space    used 9584K, committed 10176K, reserved 1048576K
}
Event: 1592.908 GC heap before
{Heap before GC invocations=3075 (full 71):
 PSYoungGen      total 5120K, used 4244K [0x00000000eab00000, 0x00000000eb180000, 0x0000000100000000)
  eden space 3584K, 100% used [0x00000000eab00000,0x00000000eae80000,0x00000000eae80000)
  from space 1536K, 43% used [0x00000000eae80000,0x00000000eaf25220,0x00000000eb000000)
  to   space 1024K, 0% used [0x00000000eb080000,0x00000000eb080000,0x00000000eb180000)
 ParOldGen       total 164864K, used 146540K [0x00000000c0000000, 0x00000000ca100000, 0x00000000eab00000)
  object space 164864K, 88% used [0x00000000c0000000,0x00000000c8f1b258,0x00000000ca100000)
 Metaspace       used 94730K, committed 96192K, reserved 1179648K
  class space    used 9584K, committed 10176K, reserved 1048576K
}
Event: 1592.908 GC heap after
{Heap after GC invocations=3075 (full 71):
 PSYoungGen      total 4096K, used 512K [0x00000000eab00000, 0x00000000eb100000, 0x0000000100000000)
  eden space 3584K, 0% used [0x00000000eab00000,0x00000000eab00000,0x00000000eae80000)
  from space 512K, 100% used [0x00000000eb080000,0x00000000eb100000,0x00000000eb100000)
  to   space 1024K, 0% used [0x00000000eaf00000,0x00000000eaf00000,0x00000000eb000000)
 ParOldGen       total 164864K, used 147089K [0x00000000c0000000, 0x00000000ca100000, 0x00000000eab00000)
  object space 164864K, 89% used [0x00000000c0000000,0x00000000c8fa4478,0x00000000ca100000)
 Metaspace       used 94730K, committed 96192K, reserved 1179648K
  class space    used 9584K, committed 10176K, reserved 1048576K
}
Event: 1593.164 GC heap before
{Heap before GC invocations=3076 (full 71):
 PSYoungGen      total 4096K, used 4096K [0x00000000eab00000, 0x00000000eb100000, 0x0000000100000000)
  eden space 3584K, 100% used [0x00000000eab00000,0x00000000eae80000,0x00000000eae80000)
  from space 512K, 100% used [0x00000000eb080000,0x00000000eb100000,0x00000000eb100000)
  to   space 1024K, 0% used [0x00000000eaf00000,0x00000000eaf00000,0x00000000eb000000)
 ParOldGen       total 164864K, used 147089K [0x00000000c0000000, 0x00000000ca100000, 0x00000000eab00000)
  object space 164864K, 89% used [0x00000000c0000000,0x00000000c8fa4478,0x00000000ca100000)
 Metaspace       used 94730K, committed 96192K, reserved 1179648K
  class space    used 9584K, committed 10176K, reserved 1048576K
}
Event: 1593.165 GC heap after
{Heap after GC invocations=3076 (full 71):
 PSYoungGen      total 4608K, used 608K [0x00000000eab00000, 0x00000000eb100000, 0x0000000100000000)
  eden space 3584K, 0% used [0x00000000eab00000,0x00000000eab00000,0x00000000eae80000)
  from space 1024K, 59% used [0x00000000eaf00000,0x00000000eaf98000,0x00000000eb000000)
  to   space 1024K, 0% used [0x00000000eb000000,0x00000000eb000000,0x00000000eb100000)
 ParOldGen       total 164864K, used 147529K [0x00000000c0000000, 0x00000000ca100000, 0x00000000eab00000)
  object space 164864K, 89% used [0x00000000c0000000,0x00000000c9012478,0x00000000ca100000)
 Metaspace       used 94730K, committed 96192K, reserved 1179648K
  class space    used 9584K, committed 10176K, reserved 1048576K
}
Event: 1593.183 GC heap before
{Heap before GC invocations=3077 (full 71):
 PSYoungGen      total 4608K, used 4192K [0x00000000eab00000, 0x00000000eb100000, 0x0000000100000000)
  eden space 3584K, 100% used [0x00000000eab00000,0x00000000eae80000,0x00000000eae80000)
  from space 1024K, 59% used [0x00000000eaf00000,0x00000000eaf98000,0x00000000eb000000)
  to   space 1024K, 0% used [0x00000000eb000000,0x00000000eb000000,0x00000000eb100000)
 ParOldGen       total 164864K, used 147529K [0x00000000c0000000, 0x00000000ca100000, 0x00000000eab00000)
  object space 164864K, 89% used [0x00000000c0000000,0x00000000c9012478,0x00000000ca100000)
 Metaspace       used 94730K, committed 96192K, reserved 1179648K
  class space    used 9584K, committed 10176K, reserved 1048576K
}

